{
  "RSpec": {
    "coverage": {
      "/home/jd/github/prototype_robotics/app/overrides/main_overrides.rb": [
        null,
        null,
        1,
        null,
        null,
        null,
        null,
        null,
        1,
        null,
        null,
        null,
        null,
        null,
        1,
        null,
        null,
        null,
        null,
        null,
        1,
        null,
        null,
        null,
        null
      ],
      "/home/jd/github/prototype_robotics/app/controllers/application_controller.rb": [
        1,
        1,
        null,
        1,
        0,
        0,
        0,
        0,
        null,
        null,
        null,
        null,
        1,
        null,
        1,
        0,
        null,
        null,
        1,
        0,
        0,
        0,
        0,
        null,
        null,
        0,
        0,
        null,
        null,
        null,
        1,
        0,
        0,
        null,
        0,
        null,
        null,
        0,
        0,
        0,
        0,
        null,
        null,
        0,
        0,
        null,
        null,
        null,
        null
      ],
      "/home/jd/github/prototype_robotics/app/helpers/application_helper.rb": [
        1,
        null
      ],
      "/home/jd/github/prototype_robotics/app/helpers/home_helper.rb": [
        1,
        null
      ],
      "/home/jd/github/prototype_robotics/app/helpers/projects_helper.rb": [
        1,
        null
      ],
      "/home/jd/github/prototype_robotics/app/models/spree/user.rb": [
        1,
        1,
        1,
        null,
        1,
        null,
        null,
        1,
        1,
        null,
        1,
        1,
        1,
        1,
        null,
        1,
        1,
        1,
        null,
        null,
        1,
        null,
        1,
        1,
        null,
        1,
        1,
        null,
        1,
        null,
        null,
        1,
        0,
        null,
        null,
        null,
        null,
        null,
        1,
        0,
        0,
        null,
        null,
        1,
        0,
        null,
        null,
        1,
        0,
        null,
        null,
        1,
        0,
        0,
        null,
        null,
        1,
        1,
        0,
        null,
        null,
        1,
        null,
        1,
        0,
        null,
        null,
        1,
        0,
        0,
        0,
        null,
        null,
        1,
        null,
        0,
        null,
        null,
        null,
        1,
        0,
        null,
        null,
        null,
        1,
        0,
        0,
        0,
        null,
        null,
        null,
        1,
        0,
        null,
        null,
        1,
        0,
        null,
        null,
        null
      ],
      "/home/jd/github/prototype_robotics/app/models/spree/spree_image_decorator.rb": [
        1,
        1,
        null
      ],
      "/home/jd/github/prototype_robotics/app/models/ckeditor/attachment_file.rb": [
        1,
        1,
        null,
        null,
        null,
        1,
        1,
        null,
        1,
        0,
        null,
        null
      ],
      "/home/jd/github/prototype_robotics/app/models/ckeditor/asset.rb": [
        1,
        1,
        1,
        null
      ],
      "/home/jd/github/prototype_robotics/app/models/ckeditor/picture.rb": [
        1,
        1,
        null,
        null,
        null,
        null,
        1,
        1,
        null,
        1,
        0,
        null,
        null
      ],
      "/home/jd/github/prototype_robotics/app/controllers/articles_controller.rb": [
        1,
        1,
        1,
        null,
        1,
        0,
        null,
        null,
        1,
        0,
        null,
        null,
        1,
        0,
        null,
        null,
        1,
        0,
        null,
        null,
        1,
        0,
        0,
        0,
        null,
        0,
        null,
        null,
        null,
        1,
        0,
        0,
        0,
        null,
        0,
        null,
        null,
        null,
        1,
        0,
        0,
        0,
        null,
        null,
        1,
        0,
        0,
        0,
        0,
        null,
        null,
        0,
        0,
        null,
        null,
        null
      ],
      "/home/jd/github/prototype_robotics/app/models/article.rb": [
        1,
        1,
        1,
        1,
        1,
        1,
        null
      ],
      "/home/jd/github/prototype_robotics/app/controllers/home_controller.rb": [
        1,
        null,
        1,
        0,
        0,
        0,
        0,
        0,
        null,
        null,
        0,
        0,
        0,
        null,
        null,
        1,
        0,
        0,
        0,
        null,
        0,
        0,
        0,
        null,
        null,
        0,
        0,
        0,
        null,
        null,
        0,
        0,
        0,
        null,
        0,
        null,
        0,
        null,
        null,
        null,
        null
      ],
      "/home/jd/github/prototype_robotics/app/controllers/projects_controller.rb": [
        1,
        1,
        1,
        1,
        1,
        null,
        1,
        0,
        null,
        null,
        1,
        0,
        null,
        null,
        1,
        0,
        null,
        null,
        1,
        0,
        null,
        null,
        1,
        0,
        0,
        0,
        null,
        0,
        null,
        null,
        null,
        1,
        0,
        0,
        0,
        null,
        0,
        null,
        null,
        null,
        1,
        0,
        0,
        0,
        null,
        null,
        1,
        0,
        0,
        null,
        null,
        1,
        0,
        0,
        0,
        0,
        null,
        null,
        0,
        0,
        null,
        null,
        null,
        null
      ],
      "/home/jd/github/prototype_robotics/app/models/project.rb": [
        1,
        1,
        1,
        1,
        1,
        1,
        1,
        1,
        null
      ],
      "/home/jd/github/prototype_robotics/app/controllers/steps_controller.rb": [
        1,
        1,
        null,
        1,
        0,
        null,
        null,
        1,
        0,
        null,
        null,
        1,
        0,
        0,
        0,
        null,
        null,
        1,
        0,
        0,
        0,
        0,
        0,
        0,
        null,
        null,
        null,
        1,
        0,
        0,
        null,
        null,
        1,
        0,
        0,
        0,
        null,
        null,
        null
      ],
      "/home/jd/github/prototype_robotics/app/models/step.rb": [
        1,
        1,
        1,
        1,
        1,
        null
      ],
      "/home/jd/github/prototype_robotics/app/controllers/tutorials_controller.rb": [
        1,
        1,
        1,
        null,
        1,
        0,
        null,
        null,
        1,
        0,
        null,
        null,
        1,
        0,
        null,
        null,
        1,
        0,
        0,
        0,
        null,
        null,
        null,
        1,
        0,
        null,
        null,
        1,
        0,
        0,
        0,
        0,
        null,
        null,
        null,
        1,
        0,
        0,
        0,
        0,
        null,
        null,
        0,
        0,
        null,
        null,
        null
      ],
      "/home/jd/github/prototype_robotics/app/models/tutorial.rb": [
        1,
        1,
        1,
        1,
        1,
        1,
        1,
        null
      ],
      "/home/jd/github/prototype_robotics/app/models/gallery.rb": [
        1,
        1,
        1,
        1,
        1,
        null,
        1,
        null
      ]
    },
    "timestamp": 1331359891
  }
}
